{"C:\\Users\\ilichka\\git\\The-Weather\\src\\requester.js": {"path":"C:\\Users\\ilichka\\git\\The-Weather\\src\\requester.js","statementMap":{"0":{"start":{"line":5,"column":16},"end":{"line":5,"column":50}},"1":{"start":{"line":7,"column":24},"end":{"line":17,"column":1}},"2":{"start":{"line":8,"column":22},"end":{"line":8,"column":75}},"3":{"start":{"line":9,"column":2},"end":{"line":11,"column":3}},"4":{"start":{"line":10,"column":4},"end":{"line":10,"column":35}},"5":{"start":{"line":12,"column":18},"end":{"line":12,"column":78}},"6":{"start":{"line":13,"column":2},"end":{"line":15,"column":3}},"7":{"start":{"line":14,"column":4},"end":{"line":14,"column":34}},"8":{"start":{"line":16,"column":2},"end":{"line":16,"column":14}},"9":{"start":{"line":19,"column":26},"end":{"line":22,"column":3}},"10":{"start":{"line":20,"column":2},"end":{"line":22,"column":3}},"11":{"start":{"line":24,"column":33},"end":{"line":32,"column":1}},"12":{"start":{"line":25,"column":2},"end":{"line":28,"column":3}},"13":{"start":{"line":26,"column":4},"end":{"line":26,"column":19}},"14":{"start":{"line":27,"column":4},"end":{"line":27,"column":21}},"15":{"start":{"line":29,"column":2},"end":{"line":31,"column":4}},"16":{"start":{"line":34,"column":20},"end":{"line":52,"column":1}},"17":{"start":{"line":35,"column":2},"end":{"line":49,"column":3}},"18":{"start":{"line":36,"column":4},"end":{"line":48,"column":7}},"19":{"start":{"line":37,"column":6},"end":{"line":47,"column":8}},"20":{"start":{"line":39,"column":10},"end":{"line":42,"column":26}},"21":{"start":{"line":45,"column":10},"end":{"line":45,"column":70}},"22":{"start":{"line":51,"column":2},"end":{"line":51,"column":19}}},"fnMap":{"0":{"name":"(anonymous_0)","decl":{"start":{"line":7,"column":24},"end":{"line":7,"column":25}},"loc":{"start":{"line":7,"column":30},"end":{"line":17,"column":1}},"line":7},"1":{"name":"(anonymous_1)","decl":{"start":{"line":19,"column":26},"end":{"line":19,"column":27}},"loc":{"start":{"line":20,"column":2},"end":{"line":22,"column":3}},"line":20},"2":{"name":"(anonymous_2)","decl":{"start":{"line":24,"column":33},"end":{"line":24,"column":34}},"loc":{"start":{"line":24,"column":48},"end":{"line":32,"column":1}},"line":24},"3":{"name":"(anonymous_3)","decl":{"start":{"line":34,"column":20},"end":{"line":34,"column":21}},"loc":{"start":{"line":34,"column":26},"end":{"line":52,"column":1}},"line":34},"4":{"name":"(anonymous_4)","decl":{"start":{"line":36,"column":23},"end":{"line":36,"column":24}},"loc":{"start":{"line":36,"column":36},"end":{"line":48,"column":5}},"line":36},"5":{"name":"(anonymous_5)","decl":{"start":{"line":38,"column":8},"end":{"line":38,"column":9}},"loc":{"start":{"line":38,"column":16},"end":{"line":43,"column":9}},"line":38},"6":{"name":"(anonymous_6)","decl":{"start":{"line":44,"column":8},"end":{"line":44,"column":9}},"loc":{"start":{"line":44,"column":14},"end":{"line":46,"column":9}},"line":44}},"branchMap":{"0":{"loc":{"start":{"line":9,"column":2},"end":{"line":11,"column":3}},"type":"if","locations":[{"start":{"line":9,"column":2},"end":{"line":11,"column":3}},{"start":{"line":9,"column":2},"end":{"line":11,"column":3}}],"line":9},"1":{"loc":{"start":{"line":13,"column":2},"end":{"line":15,"column":3}},"type":"if","locations":[{"start":{"line":13,"column":2},"end":{"line":15,"column":3}},{"start":{"line":13,"column":2},"end":{"line":15,"column":3}}],"line":13},"2":{"loc":{"start":{"line":25,"column":2},"end":{"line":28,"column":3}},"type":"if","locations":[{"start":{"line":25,"column":2},"end":{"line":28,"column":3}},{"start":{"line":25,"column":2},"end":{"line":28,"column":3}}],"line":25},"3":{"loc":{"start":{"line":25,"column":6},"end":{"line":25,"column":19}},"type":"binary-expr","locations":[{"start":{"line":25,"column":6},"end":{"line":25,"column":10}},{"start":{"line":25,"column":14},"end":{"line":25,"column":19}}],"line":25},"4":{"loc":{"start":{"line":35,"column":2},"end":{"line":49,"column":3}},"type":"if","locations":[{"start":{"line":35,"column":2},"end":{"line":49,"column":3}},{"start":{"line":35,"column":2},"end":{"line":49,"column":3}}],"line":35}},"s":{"0":2,"1":2,"2":0,"3":0,"4":0,"5":0,"6":0,"7":0,"8":0,"9":2,"10":0,"11":2,"12":0,"13":0,"14":0,"15":0,"16":2,"17":0,"18":0,"19":0,"20":0,"21":0,"22":0},"f":{"0":0,"1":0,"2":0,"3":0,"4":0,"5":0,"6":0},"b":{"0":[0,0],"1":[0,0],"2":[0,0],"3":[0,0],"4":[0,0]},"_coverageSchema":"43e27e138ebf9cfc5966b082cf9a028302ed4184","hash":"988fab77ff58108b9bd505bced6f5c2446d63f15"}
,"C:\\Users\\ilichka\\git\\The-Weather\\src\\components\\mainPages\\home\\home.js": {"path":"C:\\Users\\ilichka\\git\\The-Weather\\src\\components\\mainPages\\home\\home.js","statementMap":{"0":{"start":{"line":10,"column":27},"end":{"line":42,"column":1}},"1":{"start":{"line":11,"column":70},"end":{"line":11,"column":79}},"2":{"start":{"line":12,"column":2},"end":{"line":41,"column":7}},"3":{"start":{"line":44,"column":17},"end":{"line":63,"column":1}},"4":{"start":{"line":45,"column":20},"end":{"line":45,"column":39}},"5":{"start":{"line":46,"column":2},"end":{"line":62,"column":3}},"6":{"start":{"line":47,"column":21},"end":{"line":47,"column":50}},"7":{"start":{"line":48,"column":4},"end":{"line":48,"column":40}},"8":{"start":{"line":49,"column":4},"end":{"line":58,"column":7}},"9":{"start":{"line":59,"column":4},"end":{"line":59,"column":34}},"10":{"start":{"line":61,"column":4},"end":{"line":61,"column":48}},"11":{"start":{"line":65,"column":17},"end":{"line":71,"column":1}},"12":{"start":{"line":66,"column":15},"end":{"line":66,"column":44}},"13":{"start":{"line":68,"column":2},"end":{"line":68,"column":17}},"14":{"start":{"line":70,"column":2},"end":{"line":70,"column":14}}},"fnMap":{"0":{"name":"(anonymous_0)","decl":{"start":{"line":10,"column":27},"end":{"line":10,"column":28}},"loc":{"start":{"line":10,"column":36},"end":{"line":42,"column":1}},"line":10},"1":{"name":"(anonymous_1)","decl":{"start":{"line":44,"column":17},"end":{"line":44,"column":18}},"loc":{"start":{"line":44,"column":36},"end":{"line":63,"column":1}},"line":44},"2":{"name":"(anonymous_2)","decl":{"start":{"line":65,"column":17},"end":{"line":65,"column":18}},"loc":{"start":{"line":65,"column":23},"end":{"line":71,"column":1}},"line":65}},"branchMap":{"0":{"loc":{"start":{"line":11,"column":70},"end":{"line":11,"column":79}},"type":"binary-expr","locations":[{"start":{"line":11,"column":70},"end":{"line":11,"column":73}},{"start":{"line":11,"column":77},"end":{"line":11,"column":79}}],"line":11},"1":{"loc":{"start":{"line":46,"column":2},"end":{"line":62,"column":3}},"type":"if","locations":[{"start":{"line":46,"column":2},"end":{"line":62,"column":3}},{"start":{"line":46,"column":2},"end":{"line":62,"column":3}}],"line":46}},"s":{"0":1,"1":1,"2":1,"3":1,"4":0,"5":0,"6":0,"7":0,"8":0,"9":0,"10":0,"11":1,"12":0,"13":0,"14":0},"f":{"0":1,"1":0,"2":0},"b":{"0":[1,0],"1":[0,0]},"_coverageSchema":"43e27e138ebf9cfc5966b082cf9a028302ed4184","hash":"26549d6e29dcc3aa0a461b1de782585a47655666"}
,"C:\\Users\\ilichka\\git\\The-Weather\\src\\components\\mainPages\\home\\renderDayRow.js": {"path":"C:\\Users\\ilichka\\git\\The-Weather\\src\\components\\mainPages\\home\\renderDayRow.js","statementMap":{"0":{"start":{"line":3,"column":20},"end":{"line":11,"column":11}},"1":{"start":{"line":3,"column":44},"end":{"line":11,"column":11}},"2":{"start":{"line":13,"column":21},"end":{"line":21,"column":1}},"3":{"start":{"line":14,"column":12},"end":{"line":14,"column":14}},"4":{"start":{"line":15,"column":2},"end":{"line":19,"column":3}},"5":{"start":{"line":15,"column":15},"end":{"line":15,"column":16}},"6":{"start":{"line":16,"column":30},"end":{"line":16,"column":36}},"7":{"start":{"line":17,"column":16},"end":{"line":17,"column":49}},"8":{"start":{"line":18,"column":4},"end":{"line":18,"column":43}},"9":{"start":{"line":20,"column":2},"end":{"line":20,"column":13}}},"fnMap":{"0":{"name":"(anonymous_0)","decl":{"start":{"line":3,"column":20},"end":{"line":3,"column":21}},"loc":{"start":{"line":3,"column":44},"end":{"line":11,"column":11}},"line":3},"1":{"name":"(anonymous_1)","decl":{"start":{"line":13,"column":21},"end":{"line":13,"column":22}},"loc":{"start":{"line":13,"column":30},"end":{"line":21,"column":1}},"line":13}},"branchMap":{},"s":{"0":1,"1":3,"2":1,"3":1,"4":1,"5":1,"6":3,"7":3,"8":3,"9":1},"f":{"0":3,"1":1},"b":{},"_coverageSchema":"43e27e138ebf9cfc5966b082cf9a028302ed4184","hash":"6ab75721f5b71ff3ed549e2caa796b4517c82704"}
,"C:\\Users\\ilichka\\git\\The-Weather\\src\\components\\mainPages\\home\\renderHourRow.js": {"path":"C:\\Users\\ilichka\\git\\The-Weather\\src\\components\\mainPages\\home\\renderHourRow.js","statementMap":{"0":{"start":{"line":1,"column":20},"end":{"line":8,"column":11}},"1":{"start":{"line":1,"column":45},"end":{"line":8,"column":11}},"2":{"start":{"line":10,"column":22},"end":{"line":18,"column":1}},"3":{"start":{"line":11,"column":12},"end":{"line":11,"column":14}},"4":{"start":{"line":12,"column":2},"end":{"line":16,"column":3}},"5":{"start":{"line":12,"column":15},"end":{"line":12,"column":16}},"6":{"start":{"line":13,"column":30},"end":{"line":13,"column":40}},"7":{"start":{"line":14,"column":17},"end":{"line":14,"column":53}},"8":{"start":{"line":15,"column":4},"end":{"line":15,"column":44}},"9":{"start":{"line":17,"column":2},"end":{"line":17,"column":13}}},"fnMap":{"0":{"name":"(anonymous_0)","decl":{"start":{"line":1,"column":20},"end":{"line":1,"column":21}},"loc":{"start":{"line":1,"column":45},"end":{"line":8,"column":11}},"line":1},"1":{"name":"(anonymous_1)","decl":{"start":{"line":10,"column":22},"end":{"line":10,"column":23}},"loc":{"start":{"line":10,"column":31},"end":{"line":18,"column":1}},"line":10}},"branchMap":{},"s":{"0":1,"1":6,"2":1,"3":1,"4":1,"5":1,"6":6,"7":6,"8":6,"9":1},"f":{"0":6,"1":1},"b":{},"_coverageSchema":"43e27e138ebf9cfc5966b082cf9a028302ed4184","hash":"d249b6a0759f551a2cdd222aaefa19371fdef5f0"}
,"C:\\Users\\ilichka\\git\\The-Weather\\src\\components\\mainPages\\morePage\\renderMorePage.js": {"path":"C:\\Users\\ilichka\\git\\The-Weather\\src\\components\\mainPages\\morePage\\renderMorePage.js","statementMap":{"0":{"start":{"line":7,"column":25},"end":{"line":18,"column":1}},"1":{"start":{"line":8,"column":18},"end":{"line":8,"column":20}},"2":{"start":{"line":9,"column":2},"end":{"line":16,"column":5}},"3":{"start":{"line":10,"column":28},"end":{"line":10,"column":31}},"4":{"start":{"line":11,"column":4},"end":{"line":15,"column":18}},"5":{"start":{"line":17,"column":2},"end":{"line":17,"column":19}},"6":{"start":{"line":21,"column":2},"end":{"line":53,"column":3}},"7":{"start":{"line":23,"column":6},"end":{"line":23,"column":30}},"8":{"start":{"line":24,"column":4},"end":{"line":52,"column":4}},"9":{"start":{"line":54,"column":2},"end":{"line":54,"column":65}}},"fnMap":{"0":{"name":"(anonymous_0)","decl":{"start":{"line":7,"column":25},"end":{"line":7,"column":26}},"loc":{"start":{"line":7,"column":31},"end":{"line":18,"column":1}},"line":7},"1":{"name":"(anonymous_1)","decl":{"start":{"line":9,"column":22},"end":{"line":9,"column":23}},"loc":{"start":{"line":9,"column":31},"end":{"line":16,"column":3}},"line":9},"2":{"name":"(anonymous_2)","decl":{"start":{"line":20,"column":15},"end":{"line":20,"column":16}},"loc":{"start":{"line":20,"column":24},"end":{"line":55,"column":1}},"line":20}},"branchMap":{"0":{"loc":{"start":{"line":21,"column":2},"end":{"line":53,"column":3}},"type":"if","locations":[{"start":{"line":21,"column":2},"end":{"line":53,"column":3}},{"start":{"line":21,"column":2},"end":{"line":53,"column":3}}],"line":21}},"s":{"0":1,"1":1,"2":1,"3":3,"4":3,"5":1,"6":1,"7":1,"8":1,"9":0},"f":{"0":1,"1":3,"2":1},"b":{"0":[1,0]},"_coverageSchema":"43e27e138ebf9cfc5966b082cf9a028302ed4184","hash":"aec868b9edf2953c0790193f8bddc1591f86879c"}
,"C:\\Users\\ilichka\\git\\The-Weather\\src\\components\\mainPages\\noMathch\\noMatch.js": {"path":"C:\\Users\\ilichka\\git\\The-Weather\\src\\components\\mainPages\\noMathch\\noMatch.js","statementMap":{"0":{"start":{"line":4,"column":18},"end":{"line":4,"column":47}},"1":{"start":{"line":5,"column":2},"end":{"line":5,"column":41}},"2":{"start":{"line":6,"column":2},"end":{"line":6,"column":43}},"3":{"start":{"line":7,"column":2},"end":{"line":7,"column":17}}},"fnMap":{"0":{"name":"(anonymous_0)","decl":{"start":{"line":3,"column":15},"end":{"line":3,"column":16}},"loc":{"start":{"line":3,"column":21},"end":{"line":8,"column":1}},"line":3}},"branchMap":{},"s":{"0":1,"1":1,"2":1,"3":1},"f":{"0":1},"b":{},"_coverageSchema":"43e27e138ebf9cfc5966b082cf9a028302ed4184","hash":"f462e5f4556be160ec40a840bc3b6177500c78c5"}
,"C:\\Users\\ilichka\\git\\The-Weather\\src\\components\\mainPages\\searchPage\\addListenerToInput.js": {"path":"C:\\Users\\ilichka\\git\\The-Weather\\src\\components\\mainPages\\searchPage\\addListenerToInput.js","statementMap":{"0":{"start":{"line":12,"column":23},"end":{"line":45,"column":1}},"1":{"start":{"line":13,"column":2},"end":{"line":44,"column":5}},"2":{"start":{"line":14,"column":4},"end":{"line":43,"column":5}},"3":{"start":{"line":15,"column":6},"end":{"line":15,"column":36}},"4":{"start":{"line":16,"column":6},"end":{"line":40,"column":7}},"5":{"start":{"line":17,"column":25},"end":{"line":17,"column":58}},"6":{"start":{"line":18,"column":8},"end":{"line":33,"column":11}},"7":{"start":{"line":19,"column":10},"end":{"line":32,"column":12}},"8":{"start":{"line":34,"column":8},"end":{"line":34,"column":48}},"9":{"start":{"line":36,"column":8},"end":{"line":39,"column":10}},"10":{"start":{"line":42,"column":6},"end":{"line":42,"column":45}},"11":{"start":{"line":47,"column":27},"end":{"line":61,"column":1}},"12":{"start":{"line":48,"column":2},"end":{"line":54,"column":5}},"13":{"start":{"line":49,"column":4},"end":{"line":49,"column":26}},"14":{"start":{"line":50,"column":4},"end":{"line":53,"column":13}},"15":{"start":{"line":51,"column":6},"end":{"line":51,"column":56}},"16":{"start":{"line":52,"column":6},"end":{"line":52,"column":28}},"17":{"start":{"line":55,"column":2},"end":{"line":60,"column":5}},"18":{"start":{"line":56,"column":4},"end":{"line":59,"column":5}},"19":{"start":{"line":57,"column":6},"end":{"line":57,"column":28}},"20":{"start":{"line":58,"column":6},"end":{"line":58,"column":56}}},"fnMap":{"0":{"name":"(anonymous_0)","decl":{"start":{"line":12,"column":23},"end":{"line":12,"column":24}},"loc":{"start":{"line":12,"column":36},"end":{"line":45,"column":1}},"line":12},"1":{"name":"(anonymous_1)","decl":{"start":{"line":13,"column":15},"end":{"line":13,"column":16}},"loc":{"start":{"line":13,"column":25},"end":{"line":44,"column":3}},"line":13},"2":{"name":"(anonymous_2)","decl":{"start":{"line":18,"column":26},"end":{"line":18,"column":27}},"loc":{"start":{"line":18,"column":36},"end":{"line":33,"column":9}},"line":18},"3":{"name":"(anonymous_3)","decl":{"start":{"line":47,"column":27},"end":{"line":47,"column":28}},"loc":{"start":{"line":47,"column":38},"end":{"line":61,"column":1}},"line":47},"4":{"name":"(anonymous_4)","decl":{"start":{"line":48,"column":34},"end":{"line":48,"column":35}},"loc":{"start":{"line":48,"column":41},"end":{"line":54,"column":3}},"line":48},"5":{"name":"(anonymous_5)","decl":{"start":{"line":50,"column":32},"end":{"line":50,"column":33}},"loc":{"start":{"line":50,"column":38},"end":{"line":53,"column":5}},"line":50},"6":{"name":"(anonymous_6)","decl":{"start":{"line":55,"column":36},"end":{"line":55,"column":37}},"loc":{"start":{"line":55,"column":43},"end":{"line":60,"column":3}},"line":55}},"branchMap":{"0":{"loc":{"start":{"line":14,"column":4},"end":{"line":43,"column":5}},"type":"if","locations":[{"start":{"line":14,"column":4},"end":{"line":43,"column":5}},{"start":{"line":14,"column":4},"end":{"line":43,"column":5}}],"line":14},"1":{"loc":{"start":{"line":16,"column":6},"end":{"line":40,"column":7}},"type":"if","locations":[{"start":{"line":16,"column":6},"end":{"line":40,"column":7}},{"start":{"line":16,"column":6},"end":{"line":40,"column":7}}],"line":16},"2":{"loc":{"start":{"line":56,"column":4},"end":{"line":59,"column":5}},"type":"if","locations":[{"start":{"line":56,"column":4},"end":{"line":59,"column":5}},{"start":{"line":56,"column":4},"end":{"line":59,"column":5}}],"line":56}},"s":{"0":1,"1":0,"2":0,"3":0,"4":0,"5":0,"6":0,"7":0,"8":0,"9":0,"10":0,"11":1,"12":1,"13":0,"14":0,"15":0,"16":0,"17":1,"18":0,"19":0,"20":0},"f":{"0":0,"1":0,"2":0,"3":1,"4":0,"5":0,"6":0},"b":{"0":[0,0],"1":[0,0],"2":[0,0]},"_coverageSchema":"43e27e138ebf9cfc5966b082cf9a028302ed4184","hash":"797b848945057752d97aa91fdebd5918daa15307"}
,"C:\\Users\\ilichka\\git\\The-Weather\\src\\components\\mainPages\\searchPage\\initialCardsRender.js": {"path":"C:\\Users\\ilichka\\git\\The-Weather\\src\\components\\mainPages\\searchPage\\initialCardsRender.js","statementMap":{"0":{"start":{"line":6,"column":23},"end":{"line":6,"column":52}},"1":{"start":{"line":7,"column":2},"end":{"line":7,"column":44}},"2":{"start":{"line":8,"column":2},"end":{"line":8,"column":34}},"3":{"start":{"line":10,"column":4},"end":{"line":10,"column":70}},"4":{"start":{"line":11,"column":2},"end":{"line":16,"column":3}},"5":{"start":{"line":12,"column":4},"end":{"line":14,"column":5}},"6":{"start":{"line":13,"column":6},"end":{"line":13,"column":64}},"7":{"start":{"line":15,"column":4},"end":{"line":15,"column":24}},"8":{"start":{"line":17,"column":2},"end":{"line":17,"column":83}},"9":{"start":{"line":18,"column":2},"end":{"line":18,"column":22}}},"fnMap":{"0":{"name":"(anonymous_0)","decl":{"start":{"line":5,"column":15},"end":{"line":5,"column":16}},"loc":{"start":{"line":5,"column":21},"end":{"line":19,"column":1}},"line":5}},"branchMap":{"0":{"loc":{"start":{"line":10,"column":4},"end":{"line":10,"column":70}},"type":"binary-expr","locations":[{"start":{"line":10,"column":4},"end":{"line":10,"column":64}},{"start":{"line":10,"column":68},"end":{"line":10,"column":70}}],"line":10},"1":{"loc":{"start":{"line":11,"column":2},"end":{"line":16,"column":3}},"type":"if","locations":[{"start":{"line":11,"column":2},"end":{"line":16,"column":3}},{"start":{"line":11,"column":2},"end":{"line":16,"column":3}}],"line":11}},"s":{"0":1,"1":1,"2":1,"3":1,"4":1,"5":0,"6":0,"7":0,"8":1,"9":1},"f":{"0":1},"b":{"0":[1,1],"1":[0,1]},"_coverageSchema":"43e27e138ebf9cfc5966b082cf9a028302ed4184","hash":"e4300353a923e2823cfff4a0e8a85b12bfc2ef24"}
,"C:\\Users\\ilichka\\git\\The-Weather\\src\\components\\mainPages\\searchPage\\renderCard.js": {"path":"C:\\Users\\ilichka\\git\\The-Weather\\src\\components\\mainPages\\searchPage\\renderCard.js","statementMap":{"0":{"start":{"line":9,"column":24},"end":{"line":26,"column":1}},"1":{"start":{"line":10,"column":2},"end":{"line":25,"column":5}},"2":{"start":{"line":11,"column":20},"end":{"line":13,"column":5}},"3":{"start":{"line":14,"column":23},"end":{"line":14,"column":74}},"4":{"start":{"line":15,"column":24},"end":{"line":15,"column":37}},"5":{"start":{"line":16,"column":4},"end":{"line":19,"column":6}},"6":{"start":{"line":20,"column":4},"end":{"line":23,"column":6}},"7":{"start":{"line":24,"column":4},"end":{"line":24,"column":27}},"8":{"start":{"line":28,"column":20},"end":{"line":49,"column":1}},"9":{"start":{"line":29,"column":56},"end":{"line":29,"column":59}},"10":{"start":{"line":30,"column":2},"end":{"line":48,"column":12}},"11":{"start":{"line":52,"column":22},"end":{"line":52,"column":51}},"12":{"start":{"line":53,"column":2},"end":{"line":53,"column":36}},"13":{"start":{"line":54,"column":2},"end":{"line":54,"column":43}},"14":{"start":{"line":55,"column":2},"end":{"line":55,"column":40}},"15":{"start":{"line":56,"column":2},"end":{"line":56,"column":21}}},"fnMap":{"0":{"name":"(anonymous_0)","decl":{"start":{"line":9,"column":24},"end":{"line":9,"column":25}},"loc":{"start":{"line":9,"column":43},"end":{"line":26,"column":1}},"line":9},"1":{"name":"(anonymous_1)","decl":{"start":{"line":10,"column":33},"end":{"line":10,"column":34}},"loc":{"start":{"line":10,"column":39},"end":{"line":25,"column":3}},"line":10},"2":{"name":"(anonymous_2)","decl":{"start":{"line":28,"column":20},"end":{"line":28,"column":21}},"loc":{"start":{"line":28,"column":29},"end":{"line":49,"column":1}},"line":28},"3":{"name":"(anonymous_3)","decl":{"start":{"line":51,"column":15},"end":{"line":51,"column":16}},"loc":{"start":{"line":51,"column":28},"end":{"line":57,"column":1}},"line":51}},"branchMap":{"0":{"loc":{"start":{"line":14,"column":23},"end":{"line":14,"column":74}},"type":"cond-expr","locations":[{"start":{"line":14,"column":33},"end":{"line":14,"column":58}},{"start":{"line":14,"column":61},"end":{"line":14,"column":74}}],"line":14}},"s":{"0":1,"1":0,"2":0,"3":0,"4":0,"5":0,"6":0,"7":0,"8":1,"9":0,"10":0,"11":0,"12":0,"13":0,"14":0,"15":0},"f":{"0":0,"1":0,"2":0,"3":0},"b":{"0":[0,0]},"_coverageSchema":"43e27e138ebf9cfc5966b082cf9a028302ed4184","hash":"416fc139e00ffcb7d91bb9a707bfffdb321bf4c1"}
,"C:\\Users\\ilichka\\git\\The-Weather\\src\\components\\mainPages\\searchPage\\renderSearchPage.js": {"path":"C:\\Users\\ilichka\\git\\The-Weather\\src\\components\\mainPages\\searchPage\\renderSearchPage.js","statementMap":{"0":{"start":{"line":3,"column":20},"end":{"line":10,"column":1}},"1":{"start":{"line":4,"column":16},"end":{"line":4,"column":47}},"2":{"start":{"line":5,"column":2},"end":{"line":5,"column":38}},"3":{"start":{"line":6,"column":2},"end":{"line":6,"column":22}},"4":{"start":{"line":7,"column":2},"end":{"line":7,"column":31}},"5":{"start":{"line":8,"column":2},"end":{"line":8,"column":28}},"6":{"start":{"line":9,"column":2},"end":{"line":9,"column":15}},"7":{"start":{"line":13,"column":20},"end":{"line":13,"column":49}},"8":{"start":{"line":14,"column":2},"end":{"line":14,"column":40}},"9":{"start":{"line":15,"column":2},"end":{"line":15,"column":317}},"10":{"start":{"line":16,"column":2},"end":{"line":16,"column":35}},"11":{"start":{"line":17,"column":2},"end":{"line":17,"column":19}}},"fnMap":{"0":{"name":"(anonymous_0)","decl":{"start":{"line":3,"column":20},"end":{"line":3,"column":21}},"loc":{"start":{"line":3,"column":26},"end":{"line":10,"column":1}},"line":3},"1":{"name":"(anonymous_1)","decl":{"start":{"line":12,"column":15},"end":{"line":12,"column":16}},"loc":{"start":{"line":12,"column":21},"end":{"line":18,"column":1}},"line":12}},"branchMap":{},"s":{"0":1,"1":1,"2":1,"3":1,"4":1,"5":1,"6":1,"7":1,"8":1,"9":1,"10":1,"11":1},"f":{"0":1,"1":1},"b":{},"_coverageSchema":"43e27e138ebf9cfc5966b082cf9a028302ed4184","hash":"b6eda82ed2df439eacb64e9e1f87db06ca6a489f"}
,"C:\\Users\\ilichka\\git\\The-Weather\\src\\components\\mainPages\\searchPage\\searchPage.js": {"path":"C:\\Users\\ilichka\\git\\The-Weather\\src\\components\\mainPages\\searchPage\\searchPage.js","statementMap":{"0":{"start":{"line":5,"column":19},"end":{"line":11,"column":1}},"1":{"start":{"line":6,"column":15},"end":{"line":6,"column":44}},"2":{"start":{"line":7,"column":2},"end":{"line":7,"column":36}},"3":{"start":{"line":8,"column":2},"end":{"line":8,"column":39}},"4":{"start":{"line":9,"column":2},"end":{"line":9,"column":41}},"5":{"start":{"line":10,"column":2},"end":{"line":10,"column":14}}},"fnMap":{"0":{"name":"(anonymous_0)","decl":{"start":{"line":5,"column":19},"end":{"line":5,"column":20}},"loc":{"start":{"line":5,"column":25},"end":{"line":11,"column":1}},"line":5}},"branchMap":{},"s":{"0":1,"1":1,"2":1,"3":1,"4":1,"5":1},"f":{"0":1},"b":{},"_coverageSchema":"43e27e138ebf9cfc5966b082cf9a028302ed4184","hash":"ede96004264b33bb4fe1838edd52c106f5bc8a0d"}
,"C:\\Users\\ilichka\\git\\The-Weather\\src\\utils\\consts.js": {"path":"C:\\Users\\ilichka\\git\\The-Weather\\src\\utils\\consts.js","statementMap":{"0":{"start":{"line":1,"column":18},"end":{"line":9,"column":1}},"1":{"start":{"line":11,"column":20},"end":{"line":15,"column":1}},"2":{"start":{"line":17,"column":27},"end":{"line":20,"column":1}}},"fnMap":{},"branchMap":{},"s":{"0":3,"1":3,"2":3},"f":{},"b":{},"_coverageSchema":"43e27e138ebf9cfc5966b082cf9a028302ed4184","hash":"1ad70704e882ebb0771bfcc69ca13d1936bdc836"}
,"C:\\Users\\ilichka\\git\\The-Weather\\src\\utils\\localStorageManager.js": {"path":"C:\\Users\\ilichka\\git\\The-Weather\\src\\utils\\localStorageManager.js","statementMap":{"0":{"start":{"line":1,"column":29},"end":{"line":3,"column":1}},"1":{"start":{"line":2,"column":2},"end":{"line":2,"column":41}},"2":{"start":{"line":5,"column":29},"end":{"line":7,"column":1}},"3":{"start":{"line":6,"column":2},"end":{"line":6,"column":39}}},"fnMap":{"0":{"name":"(anonymous_0)","decl":{"start":{"line":1,"column":29},"end":{"line":1,"column":30}},"loc":{"start":{"line":1,"column":44},"end":{"line":3,"column":1}},"line":1},"1":{"name":"(anonymous_1)","decl":{"start":{"line":5,"column":29},"end":{"line":5,"column":30}},"loc":{"start":{"line":5,"column":49},"end":{"line":7,"column":1}},"line":5}},"branchMap":{},"s":{"0":2,"1":1,"2":2,"3":0},"f":{"0":1,"1":0},"b":{},"_coverageSchema":"43e27e138ebf9cfc5966b082cf9a028302ed4184","hash":"62c46bf5c7c8e45a7b97da35302c96d0943b9518"}
,"C:\\Users\\ilichka\\git\\The-Weather\\src\\utils\\request.js": {"path":"C:\\Users\\ilichka\\git\\The-Weather\\src\\utils\\request.js","statementMap":{"0":{"start":{"line":4,"column":2},"end":{"line":6,"column":62}},"1":{"start":{"line":5,"column":24},"end":{"line":5,"column":39}},"2":{"start":{"line":6,"column":22},"end":{"line":6,"column":61}}},"fnMap":{"0":{"name":"(anonymous_0)","decl":{"start":{"line":3,"column":15},"end":{"line":3,"column":16}},"loc":{"start":{"line":4,"column":2},"end":{"line":6,"column":62}},"line":4},"1":{"name":"(anonymous_1)","decl":{"start":{"line":5,"column":10},"end":{"line":5,"column":11}},"loc":{"start":{"line":5,"column":24},"end":{"line":5,"column":39}},"line":5},"2":{"name":"(anonymous_2)","decl":{"start":{"line":6,"column":11},"end":{"line":6,"column":12}},"loc":{"start":{"line":6,"column":22},"end":{"line":6,"column":61}},"line":6}},"branchMap":{},"s":{"0":0,"1":0,"2":0},"f":{"0":0,"1":0,"2":0},"b":{},"_coverageSchema":"43e27e138ebf9cfc5966b082cf9a028302ed4184","hash":"8aa011973a96c5f2f937140cb37e16887481a9d6"}
,"C:\\Users\\ilichka\\git\\The-Weather\\src\\utils\\utils.js": {"path":"C:\\Users\\ilichka\\git\\The-Weather\\src\\utils\\utils.js","statementMap":{"0":{"start":{"line":1,"column":23},"end":{"line":3,"column":1}},"1":{"start":{"line":2,"column":2},"end":{"line":2,"column":45}},"2":{"start":{"line":5,"column":23},"end":{"line":7,"column":1}},"3":{"start":{"line":6,"column":2},"end":{"line":6,"column":49}},"4":{"start":{"line":9,"column":25},"end":{"line":11,"column":1}},"5":{"start":{"line":10,"column":2},"end":{"line":10,"column":52}}},"fnMap":{"0":{"name":"(anonymous_0)","decl":{"start":{"line":1,"column":23},"end":{"line":1,"column":24}},"loc":{"start":{"line":1,"column":31},"end":{"line":3,"column":1}},"line":1},"1":{"name":"(anonymous_1)","decl":{"start":{"line":5,"column":23},"end":{"line":5,"column":24}},"loc":{"start":{"line":5,"column":38},"end":{"line":7,"column":1}},"line":5},"2":{"name":"(anonymous_2)","decl":{"start":{"line":9,"column":25},"end":{"line":9,"column":26}},"loc":{"start":{"line":9,"column":44},"end":{"line":11,"column":1}},"line":9}},"branchMap":{},"s":{"0":1,"1":0,"2":1,"3":0,"4":1,"5":0},"f":{"0":0,"1":0,"2":0},"b":{},"_coverageSchema":"43e27e138ebf9cfc5966b082cf9a028302ed4184","hash":"c556a1406f15c72f9c99e89bbf01acc430b08060"}
,"C:\\Users\\ilichka\\git\\The-Weather\\src\\utils\\notificationService\\notificationService.js": {"path":"C:\\Users\\ilichka\\git\\The-Weather\\src\\utils\\notificationService\\notificationService.js","statementMap":{"0":{"start":{"line":3,"column":29},"end":{"line":3,"column":54}},"1":{"start":{"line":5,"column":32},"end":{"line":10,"column":1}},"2":{"start":{"line":6,"column":18},"end":{"line":6,"column":47}},"3":{"start":{"line":7,"column":2},"end":{"line":7,"column":46}},"4":{"start":{"line":8,"column":2},"end":{"line":8,"column":36}},"5":{"start":{"line":9,"column":2},"end":{"line":9,"column":37}},"6":{"start":{"line":12,"column":16},"end":{"line":21,"column":1}},"7":{"start":{"line":15,"column":4},"end":{"line":15,"column":22}},"8":{"start":{"line":18,"column":4},"end":{"line":18,"column":21}},"9":{"start":{"line":19,"column":4},"end":{"line":19,"column":27}},"10":{"start":{"line":23,"column":36},"end":{"line":24,"column":51}},"11":{"start":{"line":24,"column":2},"end":{"line":24,"column":51}},"12":{"start":{"line":26,"column":31},"end":{"line":37,"column":1}},"13":{"start":{"line":27,"column":27},"end":{"line":27,"column":72}},"14":{"start":{"line":28,"column":33},"end":{"line":28,"column":62}},"15":{"start":{"line":29,"column":2},"end":{"line":29,"column":77}},"16":{"start":{"line":30,"column":13},"end":{"line":30,"column":41}},"17":{"start":{"line":31,"column":2},"end":{"line":31,"column":33}},"18":{"start":{"line":32,"column":2},"end":{"line":32,"column":55}},"19":{"start":{"line":34,"column":2},"end":{"line":36,"column":11}},"20":{"start":{"line":35,"column":4},"end":{"line":35,"column":62}}},"fnMap":{"0":{"name":"(anonymous_0)","decl":{"start":{"line":5,"column":32},"end":{"line":5,"column":33}},"loc":{"start":{"line":5,"column":38},"end":{"line":10,"column":1}},"line":5},"1":{"name":"(anonymous_1)","decl":{"start":{"line":14,"column":2},"end":{"line":14,"column":3}},"loc":{"start":{"line":14,"column":14},"end":{"line":16,"column":3}},"line":14},"2":{"name":"(anonymous_2)","decl":{"start":{"line":17,"column":2},"end":{"line":17,"column":3}},"loc":{"start":{"line":17,"column":10},"end":{"line":20,"column":3}},"line":17},"3":{"name":"(anonymous_3)","decl":{"start":{"line":23,"column":36},"end":{"line":23,"column":37}},"loc":{"start":{"line":24,"column":2},"end":{"line":24,"column":51}},"line":24},"4":{"name":"(anonymous_4)","decl":{"start":{"line":26,"column":31},"end":{"line":26,"column":32}},"loc":{"start":{"line":26,"column":47},"end":{"line":37,"column":1}},"line":26},"5":{"name":"(anonymous_5)","decl":{"start":{"line":34,"column":13},"end":{"line":34,"column":14}},"loc":{"start":{"line":34,"column":19},"end":{"line":36,"column":3}},"line":34}},"branchMap":{},"s":{"0":2,"1":2,"2":0,"3":0,"4":0,"5":0,"6":2,"7":0,"8":0,"9":0,"10":2,"11":0,"12":2,"13":0,"14":0,"15":0,"16":0,"17":0,"18":0,"19":0,"20":0},"f":{"0":0,"1":0,"2":0,"3":0,"4":0,"5":0},"b":{},"_coverageSchema":"43e27e138ebf9cfc5966b082cf9a028302ed4184","hash":"fb64fa7bc2fc98fc3943ac6faeff7ff5cb5649a0"}
}
